2021-05-11 22:50:17.092  INFO 9388 --- [main] c.z.s.MainApplication                    : Starting MainApplication on zhuweiwei with PID 9388 (D:\github\springboot-demo\main\target\classes started by DELL in D:\github\springboot-demo)
2021-05-11 22:50:17.127  INFO 9388 --- [main] c.z.s.MainApplication                    : The following profiles are active: myDev
2021-05-11 22:50:18.123  INFO 9388 --- [main] .s.d.r.c.RepositoryConfigurationDelegate : Multiple Spring Data modules found, entering strict repository configuration mode!
2021-05-11 22:50:18.126  INFO 9388 --- [main] .s.d.r.c.RepositoryConfigurationDelegate : Bootstrapping Spring Data JPA repositories in DEFAULT mode.
2021-05-11 22:50:18.330  INFO 9388 --- [main] .s.d.r.c.RepositoryConfigurationDelegate : Finished Spring Data repository scanning in 192ms. Found 1 JPA repository interfaces.
2021-05-11 22:50:18.353  INFO 9388 --- [main] .s.d.r.c.RepositoryConfigurationDelegate : Multiple Spring Data modules found, entering strict repository configuration mode!
2021-05-11 22:50:18.355  INFO 9388 --- [main] .s.d.r.c.RepositoryConfigurationDelegate : Bootstrapping Spring Data Redis repositories in DEFAULT mode.
2021-05-11 22:50:18.378  INFO 9388 --- [main] .RepositoryConfigurationExtensionSupport : Spring Data Redis - Could not safely identify store assignment for repository candidate interface com.zhuweiwei.springbootlearning0405.jpa.UserRepository. If you want this repository to be a Redis repository, consider annotating your entities with one of these annotations: org.springframework.data.redis.core.RedisHash (preferred), or consider extending one of the following types with your repository: org.springframework.data.keyvalue.repository.KeyValueRepository.
2021-05-11 22:50:18.379  INFO 9388 --- [main] .s.d.r.c.RepositoryConfigurationDelegate : Finished Spring Data repository scanning in 12ms. Found 0 Redis repository interfaces.
2021-05-11 22:50:18.877  INFO 9388 --- [main] trationDelegate$BeanPostProcessorChecker : Bean 'org.apache.shiro.spring.boot.autoconfigure.ShiroBeanAutoConfiguration' of type [org.apache.shiro.spring.boot.autoconfigure.ShiroBeanAutoConfiguration$$EnhancerBySpringCGLIB$$7d9ab493] is not eligible for getting processed by all BeanPostProcessors (for example: not eligible for auto-proxying)
2021-05-11 22:50:18.936  INFO 9388 --- [main] trationDelegate$BeanPostProcessorChecker : Bean 'org.apache.shiro.spring.boot.autoconfigure.ShiroAnnotationProcessorAutoConfiguration' of type [org.apache.shiro.spring.boot.autoconfigure.ShiroAnnotationProcessorAutoConfiguration$$EnhancerBySpringCGLIB$$802df338] is not eligible for getting processed by all BeanPostProcessors (for example: not eligible for auto-proxying)
2021-05-11 22:50:19.005  INFO 9388 --- [main] trationDelegate$BeanPostProcessorChecker : Bean 'eventBus' of type [org.apache.shiro.event.support.DefaultEventBus] is not eligible for getting processed by all BeanPostProcessors (for example: not eligible for auto-proxying)
2021-05-11 22:50:19.039  INFO 9388 --- [main] trationDelegate$BeanPostProcessorChecker : Bean 'org.apache.shiro.spring.boot.autoconfigure.ShiroAutoConfiguration' of type [org.apache.shiro.spring.boot.autoconfigure.ShiroAutoConfiguration$$EnhancerBySpringCGLIB$$439a5663] is not eligible for getting processed by all BeanPostProcessors (for example: not eligible for auto-proxying)
2021-05-11 22:50:19.067  INFO 9388 --- [main] ConditionEvaluationReportLoggingListener : 

Error starting ApplicationContext. To display the conditions report re-run your application with 'debug' enabled.
2021-05-11 22:51:36.345  INFO 8560 --- [main] c.z.s.MainApplication                    : Starting MainApplication on zhuweiwei with PID 8560 (D:\github\springboot-demo\main\target\classes started by DELL in D:\github\springboot-demo)
2021-05-11 22:51:36.350  INFO 8560 --- [main] c.z.s.MainApplication                    : The following profiles are active: myDev
2021-05-11 22:51:37.335  INFO 8560 --- [main] .s.d.r.c.RepositoryConfigurationDelegate : Multiple Spring Data modules found, entering strict repository configuration mode!
2021-05-11 22:51:37.337  INFO 8560 --- [main] .s.d.r.c.RepositoryConfigurationDelegate : Bootstrapping Spring Data JPA repositories in DEFAULT mode.
2021-05-11 22:51:37.542  INFO 8560 --- [main] .s.d.r.c.RepositoryConfigurationDelegate : Finished Spring Data repository scanning in 192ms. Found 1 JPA repository interfaces.
2021-05-11 22:51:37.564  INFO 8560 --- [main] .s.d.r.c.RepositoryConfigurationDelegate : Multiple Spring Data modules found, entering strict repository configuration mode!
2021-05-11 22:51:37.565  INFO 8560 --- [main] .s.d.r.c.RepositoryConfigurationDelegate : Bootstrapping Spring Data Redis repositories in DEFAULT mode.
2021-05-11 22:51:37.596  INFO 8560 --- [main] .RepositoryConfigurationExtensionSupport : Spring Data Redis - Could not safely identify store assignment for repository candidate interface com.zhuweiwei.springbootlearning0405.jpa.UserRepository. If you want this repository to be a Redis repository, consider annotating your entities with one of these annotations: org.springframework.data.redis.core.RedisHash (preferred), or consider extending one of the following types with your repository: org.springframework.data.keyvalue.repository.KeyValueRepository.
2021-05-11 22:51:37.596  INFO 8560 --- [main] .s.d.r.c.RepositoryConfigurationDelegate : Finished Spring Data repository scanning in 16ms. Found 0 Redis repository interfaces.
2021-05-11 22:51:38.124  INFO 8560 --- [main] trationDelegate$BeanPostProcessorChecker : Bean 'org.apache.shiro.spring.boot.autoconfigure.ShiroBeanAutoConfiguration' of type [org.apache.shiro.spring.boot.autoconfigure.ShiroBeanAutoConfiguration$$EnhancerBySpringCGLIB$$f6096a6a] is not eligible for getting processed by all BeanPostProcessors (for example: not eligible for auto-proxying)
2021-05-11 22:51:38.183  INFO 8560 --- [main] trationDelegate$BeanPostProcessorChecker : Bean 'org.apache.shiro.spring.boot.autoconfigure.ShiroAnnotationProcessorAutoConfiguration' of type [org.apache.shiro.spring.boot.autoconfigure.ShiroAnnotationProcessorAutoConfiguration$$EnhancerBySpringCGLIB$$f89ca90f] is not eligible for getting processed by all BeanPostProcessors (for example: not eligible for auto-proxying)
2021-05-11 22:51:38.254  INFO 8560 --- [main] trationDelegate$BeanPostProcessorChecker : Bean 'eventBus' of type [org.apache.shiro.event.support.DefaultEventBus] is not eligible for getting processed by all BeanPostProcessors (for example: not eligible for auto-proxying)
2021-05-11 22:51:38.285  INFO 8560 --- [main] trationDelegate$BeanPostProcessorChecker : Bean 'org.apache.shiro.spring.boot.autoconfigure.ShiroAutoConfiguration' of type [org.apache.shiro.spring.boot.autoconfigure.ShiroAutoConfiguration$$EnhancerBySpringCGLIB$$bc090c3a] is not eligible for getting processed by all BeanPostProcessors (for example: not eligible for auto-proxying)
2021-05-11 22:51:38.308  INFO 8560 --- [main] ConditionEvaluationReportLoggingListener : 

Error starting ApplicationContext. To display the conditions report re-run your application with 'debug' enabled.
2021-05-11 22:53:06.033  INFO 3304 --- [main] c.z.s.MainApplication                    : Starting MainApplication on zhuweiwei with PID 3304 (D:\github\springboot-demo\main\target\classes started by DELL in D:\github\springboot-demo)
2021-05-11 22:53:06.038  INFO 3304 --- [main] c.z.s.MainApplication                    : The following profiles are active: myDev
2021-05-11 22:53:07.084  INFO 3304 --- [main] .s.d.r.c.RepositoryConfigurationDelegate : Multiple Spring Data modules found, entering strict repository configuration mode!
2021-05-11 22:53:07.087  INFO 3304 --- [main] .s.d.r.c.RepositoryConfigurationDelegate : Bootstrapping Spring Data JPA repositories in DEFAULT mode.
2021-05-11 22:53:07.278  INFO 3304 --- [main] .s.d.r.c.RepositoryConfigurationDelegate : Finished Spring Data repository scanning in 178ms. Found 1 JPA repository interfaces.
2021-05-11 22:53:07.301  INFO 3304 --- [main] .s.d.r.c.RepositoryConfigurationDelegate : Multiple Spring Data modules found, entering strict repository configuration mode!
2021-05-11 22:53:07.303  INFO 3304 --- [main] .s.d.r.c.RepositoryConfigurationDelegate : Bootstrapping Spring Data Redis repositories in DEFAULT mode.
2021-05-11 22:53:07.324  INFO 3304 --- [main] .RepositoryConfigurationExtensionSupport : Spring Data Redis - Could not safely identify store assignment for repository candidate interface com.zhuweiwei.springbootlearning0405.jpa.UserRepository. If you want this repository to be a Redis repository, consider annotating your entities with one of these annotations: org.springframework.data.redis.core.RedisHash (preferred), or consider extending one of the following types with your repository: org.springframework.data.keyvalue.repository.KeyValueRepository.
2021-05-11 22:53:07.325  INFO 3304 --- [main] .s.d.r.c.RepositoryConfigurationDelegate : Finished Spring Data repository scanning in 11ms. Found 0 Redis repository interfaces.
2021-05-11 22:53:07.864  INFO 3304 --- [main] trationDelegate$BeanPostProcessorChecker : Bean 'shiroConfiguration' of type [com.zhuweiwei.shiro.config.ShiroConfiguration$$EnhancerBySpringCGLIB$$d140a791] is not eligible for getting processed by all BeanPostProcessors (for example: not eligible for auto-proxying)
2021-05-11 22:53:08.499  INFO 3304 --- [main] trationDelegate$BeanPostProcessorChecker : Bean 'enterpriseCacheSessionDAO' of type [org.apache.shiro.session.mgt.eis.EnterpriseCacheSessionDAO] is not eligible for getting processed by all BeanPostProcessors (for example: not eligible for auto-proxying)
2021-05-11 22:53:08.501  INFO 3304 --- [main] trationDelegate$BeanPostProcessorChecker : Bean 'defaultWebSessionManager' of type [org.apache.shiro.web.session.mgt.DefaultWebSessionManager] is not eligible for getting processed by all BeanPostProcessors (for example: not eligible for auto-proxying)
2021-05-11 22:53:08.630  INFO 3304 --- [main] trationDelegate$BeanPostProcessorChecker : Bean 'mybatis-plus-com.baomidou.mybatisplus.autoconfigure.MybatisPlusProperties' of type [com.baomidou.mybatisplus.autoconfigure.MybatisPlusProperties] is not eligible for getting processed by all BeanPostProcessors (for example: not eligible for auto-proxying)
2021-05-11 22:53:08.639  INFO 3304 --- [main] trationDelegate$BeanPostProcessorChecker : Bean 'com.baomidou.mybatisplus.autoconfigure.MybatisPlusAutoConfiguration' of type [com.baomidou.mybatisplus.autoconfigure.MybatisPlusAutoConfiguration$$EnhancerBySpringCGLIB$$e10b23e6] is not eligible for getting processed by all BeanPostProcessors (for example: not eligible for auto-proxying)
2021-05-11 22:53:08.640  INFO 3304 --- [main] trationDelegate$BeanPostProcessorChecker : Bean 'com.alibaba.druid.spring.boot.autoconfigure.DruidDataSourceAutoConfigure' of type [com.alibaba.druid.spring.boot.autoconfigure.DruidDataSourceAutoConfigure$$EnhancerBySpringCGLIB$$bceeacbe] is not eligible for getting processed by all BeanPostProcessors (for example: not eligible for auto-proxying)
2021-05-11 22:53:08.644  INFO 3304 --- [main] c.a.d.s.b.a.DruidDataSourceAutoConfigure : Init DruidDataSource
2021-05-11 22:53:08.714  INFO 3304 --- [main] trationDelegate$BeanPostProcessorChecker : Bean 'spring.datasource-org.springframework.boot.autoconfigure.jdbc.DataSourceProperties' of type [org.springframework.boot.autoconfigure.jdbc.DataSourceProperties] is not eligible for getting processed by all BeanPostProcessors (for example: not eligible for auto-proxying)
2021-05-11 22:53:08.716  INFO 3304 --- [main] trationDelegate$BeanPostProcessorChecker : Bean 'com.alibaba.druid.spring.boot.autoconfigure.stat.DruidFilterConfiguration' of type [com.alibaba.druid.spring.boot.autoconfigure.stat.DruidFilterConfiguration] is not eligible for getting processed by all BeanPostProcessors (for example: not eligible for auto-proxying)
2021-05-11 22:53:08.745  INFO 3304 --- [main] trationDelegate$BeanPostProcessorChecker : Bean 'statFilter' of type [com.alibaba.druid.filter.stat.StatFilter] is not eligible for getting processed by all BeanPostProcessors (for example: not eligible for auto-proxying)
2021-05-11 22:53:08.755  INFO 3304 --- [main] trationDelegate$BeanPostProcessorChecker : Bean 'slf4jLogFilter' of type [com.alibaba.druid.filter.logging.Slf4jLogFilter] is not eligible for getting processed by all BeanPostProcessors (for example: not eligible for auto-proxying)
2021-05-11 22:53:09.094  INFO 3304 --- [main] com.alibaba.druid.pool.DruidDataSource   : {dataSource-1} inited
2021-05-11 22:53:09.094  INFO 3304 --- [main] trationDelegate$BeanPostProcessorChecker : Bean 'dataSource' of type [com.alibaba.druid.spring.boot.autoconfigure.DruidDataSourceWrapper] is not eligible for getting processed by all BeanPostProcessors (for example: not eligible for auto-proxying)
2021-05-11 22:53:09.610  INFO 3304 --- [main] trationDelegate$BeanPostProcessorChecker : Bean 'sqlSessionFactory' of type [org.apache.ibatis.session.defaults.DefaultSqlSessionFactory] is not eligible for getting processed by all BeanPostProcessors (for example: not eligible for auto-proxying)
2021-05-11 22:53:09.615  INFO 3304 --- [main] trationDelegate$BeanPostProcessorChecker : Bean 'sqlSessionTemplate' of type [org.mybatis.spring.SqlSessionTemplate] is not eligible for getting processed by all BeanPostProcessors (for example: not eligible for auto-proxying)
2021-05-11 22:53:09.646  INFO 3304 --- [main] trationDelegate$BeanPostProcessorChecker : Bean 'loginUserMapper' of type [org.mybatis.spring.mapper.MapperFactoryBean] is not eligible for getting processed by all BeanPostProcessors (for example: not eligible for auto-proxying)
2021-05-11 22:53:09.649  INFO 3304 --- [main] trationDelegate$BeanPostProcessorChecker : Bean 'loginUserMapper' of type [com.sun.proxy.$Proxy79] is not eligible for getting processed by all BeanPostProcessors (for example: not eligible for auto-proxying)
2021-05-11 22:53:09.649  INFO 3304 --- [main] trationDelegate$BeanPostProcessorChecker : Bean 'loginUserServiceImpl' of type [com.zhuweiwei.springbootlearning0405.service.impl.LoginUserServiceImpl] is not eligible for getting processed by all BeanPostProcessors (for example: not eligible for auto-proxying)
2021-05-11 22:53:09.650  INFO 3304 --- [main] trationDelegate$BeanPostProcessorChecker : Bean 'userNamePasswordRealm' of type [com.zhuweiwei.shiro.realm.UserNamePasswordRealm] is not eligible for getting processed by all BeanPostProcessors (for example: not eligible for auto-proxying)
2021-05-11 22:53:09.795  INFO 3304 --- [main] o.a.shiro.cache.ehcache.EhCacheManager   : Cache with name 'com.zhuweiwei.shiro.realm.UserNamePasswordRealm.authorizationCache' does not yet exist.  Creating now.
2021-05-11 22:53:09.798  INFO 3304 --- [main] o.a.shiro.cache.ehcache.EhCacheManager   : Added EhCache named [com.zhuweiwei.shiro.realm.UserNamePasswordRealm.authorizationCache]
2021-05-11 22:53:09.802  INFO 3304 --- [main] trationDelegate$BeanPostProcessorChecker : Bean 'rememberMeManager' of type [org.apache.shiro.web.mgt.CookieRememberMeManager] is not eligible for getting processed by all BeanPostProcessors (for example: not eligible for auto-proxying)
2021-05-11 22:53:09.804  INFO 3304 --- [main] trationDelegate$BeanPostProcessorChecker : Bean 'defaultWebSecurityManager' of type [org.apache.shiro.web.mgt.DefaultWebSecurityManager] is not eligible for getting processed by all BeanPostProcessors (for example: not eligible for auto-proxying)
2021-05-11 22:53:09.890  INFO 3304 --- [main] trationDelegate$BeanPostProcessorChecker : Bean 'org.apache.shiro.spring.boot.autoconfigure.ShiroAnnotationProcessorAutoConfiguration' of type [org.apache.shiro.spring.boot.autoconfigure.ShiroAnnotationProcessorAutoConfiguration$$EnhancerBySpringCGLIB$$b8eed3a1] is not eligible for getting processed by all BeanPostProcessors (for example: not eligible for auto-proxying)
2021-05-11 22:53:09.909  INFO 3304 --- [main] trationDelegate$BeanPostProcessorChecker : Bean 'authorizationAttributeSourceAdvisor' of type [org.apache.shiro.spring.security.interceptor.AuthorizationAttributeSourceAdvisor] is not eligible for getting processed by all BeanPostProcessors (for example: not eligible for auto-proxying)
2021-05-11 22:53:09.955  INFO 3304 --- [main] trationDelegate$BeanPostProcessorChecker : Bean 'org.apache.shiro.spring.boot.autoconfigure.ShiroBeanAutoConfiguration' of type [org.apache.shiro.spring.boot.autoconfigure.ShiroBeanAutoConfiguration$$EnhancerBySpringCGLIB$$b65b94fc] is not eligible for getting processed by all BeanPostProcessors (for example: not eligible for auto-proxying)
2021-05-11 22:53:09.963  INFO 3304 --- [main] trationDelegate$BeanPostProcessorChecker : Bean 'eventBus' of type [org.apache.shiro.event.support.DefaultEventBus] is not eligible for getting processed by all BeanPostProcessors (for example: not eligible for auto-proxying)
2021-05-11 22:53:10.339  INFO 3304 --- [main] o.s.b.w.embedded.tomcat.TomcatWebServer  : Tomcat initialized with port(s): 8081 (http)
2021-05-11 22:53:10.355  INFO 3304 --- [main] o.a.coyote.http11.Http11NioProtocol      : Initializing ProtocolHandler ["http-nio-127.0.0.1-8081"]
2021-05-11 22:53:10.356  INFO 3304 --- [main] o.apache.catalina.core.StandardService   : Starting service [Tomcat]
2021-05-11 22:53:10.356  INFO 3304 --- [main] org.apache.catalina.core.StandardEngine  : Starting Servlet engine: [Apache Tomcat/9.0.33]
2021-05-11 22:53:10.523  INFO 3304 --- [main] o.a.c.c.C.[Tomcat].[localhost].[/main]   : Initializing Spring embedded WebApplicationContext
2021-05-11 22:53:10.524  INFO 3304 --- [main] o.s.web.context.ContextLoader            : Root WebApplicationContext: initialization completed in 4381 ms
2021-05-11 22:53:10.705  INFO 3304 --- [main] o.s.c.ehcache.EhCacheManagerFactoryBean  : Initializing EhCache CacheManager
2021-05-11 22:53:10.822  INFO 3304 --- [main] o.hibernate.jpa.internal.util.LogHelper  : HHH000204: Processing PersistenceUnitInfo [name: default]
2021-05-11 22:53:10.914  INFO 3304 --- [main] org.hibernate.Version                    : HHH000412: Hibernate ORM core version 5.4.12.Final
2021-05-11 22:53:11.101  INFO 3304 --- [main] o.hibernate.annotations.common.Version   : HCANN000001: Hibernate Commons Annotations {5.1.0.Final}
2021-05-11 22:53:11.449  INFO 3304 --- [main] org.hibernate.dialect.Dialect            : HHH000400: Using dialect: org.hibernate.dialect.MySQL57Dialect
2021-05-11 22:53:12.275  INFO 3304 --- [main] o.h.e.t.j.p.i.JtaPlatformInitiator       : HHH000490: Using JtaPlatform implementation: [org.hibernate.engine.transaction.jta.platform.internal.NoJtaPlatform]
2021-05-11 22:53:12.283  INFO 3304 --- [main] j.LocalContainerEntityManagerFactoryBean : Initialized JPA EntityManagerFactory for persistence unit 'default'
2021-05-11 22:53:13.223  INFO 3304 --- [main] o.s.s.concurrent.ThreadPoolTaskExecutor  : Initializing ExecutorService 'applicationTaskExecutor'
2021-05-11 22:53:13.358  INFO 3304 --- [main] o.s.b.a.w.s.WelcomePageHandlerMapping    : Adding welcome page template: index
2021-05-11 22:53:14.459  INFO 3304 --- [main] o.a.coyote.http11.Http11NioProtocol      : Starting ProtocolHandler ["http-nio-127.0.0.1-8081"]
2021-05-11 22:53:14.488  INFO 3304 --- [main] o.s.b.w.embedded.tomcat.TomcatWebServer  : Tomcat started on port(s): 8081 (http) with context path '/main'
2021-05-11 22:53:14.490  INFO 3304 --- [main] c.z.s.MainApplication                    : Started MainApplication in 9.429 seconds (JVM running for 10.141)
2021-05-11 22:53:52.484  INFO 3304 --- [http-nio-127.0.0.1-8081-exec-2] o.a.c.c.C.[Tomcat].[localhost].[/main]   : Initializing Spring DispatcherServlet 'dispatcherServlet'
2021-05-11 22:53:52.485  INFO 3304 --- [http-nio-127.0.0.1-8081-exec-2] o.s.web.servlet.DispatcherServlet        : Initializing Servlet 'dispatcherServlet'
2021-05-11 22:53:52.493  INFO 3304 --- [http-nio-127.0.0.1-8081-exec-2] o.s.web.servlet.DispatcherServlet        : Completed initialization in 8 ms
2021-05-11 22:53:52.515  INFO 3304 --- [http-nio-127.0.0.1-8081-exec-2] a.s.s.m.AbstractValidatingSessionManager : Enabling session validation scheduler...
2021-05-11 22:53:58.963  INFO 3304 --- [http-nio-127.0.0.1-8081-exec-9] o.a.shiro.cache.ehcache.EhCacheManager   : Using existing EHCache named [shiro-activeSessionCache]
2021-05-11 22:59:27.953  INFO 3304 --- [SpringContextShutdownHook] o.s.s.concurrent.ThreadPoolTaskExecutor  : Shutting down ExecutorService 'applicationTaskExecutor'
2021-05-11 22:59:27.955  INFO 3304 --- [SpringContextShutdownHook] j.LocalContainerEntityManagerFactoryBean : Closing JPA EntityManagerFactory for persistence unit 'default'
2021-05-11 22:59:27.958  INFO 3304 --- [SpringContextShutdownHook] o.s.c.ehcache.EhCacheManagerFactoryBean  : Shutting down EhCache CacheManager
2021-05-11 22:59:27.970  INFO 3304 --- [SpringContextShutdownHook] a.s.s.m.AbstractValidatingSessionManager : Disabled session validation scheduler.
2021-05-11 22:59:27.971  INFO 3304 --- [SpringContextShutdownHook] com.alibaba.druid.pool.DruidDataSource   : {dataSource-1} closing ...
2021-05-11 22:59:27.983  INFO 3304 --- [SpringContextShutdownHook] com.alibaba.druid.pool.DruidDataSource   : {dataSource-1} closed
2021-05-11 23:01:10.605  INFO 10680 --- [main] c.z.s.MainApplication                    : Starting MainApplication on zhuweiwei with PID 10680 (D:\github\springboot-demo\main\target\classes started by DELL in D:\github\springboot-demo)
2021-05-11 23:01:10.611  INFO 10680 --- [main] c.z.s.MainApplication                    : The following profiles are active: myDev
2021-05-11 23:01:11.660  INFO 10680 --- [main] .s.d.r.c.RepositoryConfigurationDelegate : Multiple Spring Data modules found, entering strict repository configuration mode!
2021-05-11 23:01:11.662  INFO 10680 --- [main] .s.d.r.c.RepositoryConfigurationDelegate : Bootstrapping Spring Data JPA repositories in DEFAULT mode.
2021-05-11 23:01:11.861  INFO 10680 --- [main] .s.d.r.c.RepositoryConfigurationDelegate : Finished Spring Data repository scanning in 185ms. Found 1 JPA repository interfaces.
2021-05-11 23:01:11.881  INFO 10680 --- [main] .s.d.r.c.RepositoryConfigurationDelegate : Multiple Spring Data modules found, entering strict repository configuration mode!
2021-05-11 23:01:11.882  INFO 10680 --- [main] .s.d.r.c.RepositoryConfigurationDelegate : Bootstrapping Spring Data Redis repositories in DEFAULT mode.
2021-05-11 23:01:11.904  INFO 10680 --- [main] .RepositoryConfigurationExtensionSupport : Spring Data Redis - Could not safely identify store assignment for repository candidate interface com.zhuweiwei.springbootlearning0405.jpa.UserRepository. If you want this repository to be a Redis repository, consider annotating your entities with one of these annotations: org.springframework.data.redis.core.RedisHash (preferred), or consider extending one of the following types with your repository: org.springframework.data.keyvalue.repository.KeyValueRepository.
2021-05-11 23:01:11.905  INFO 10680 --- [main] .s.d.r.c.RepositoryConfigurationDelegate : Finished Spring Data repository scanning in 12ms. Found 0 Redis repository interfaces.
2021-05-11 23:01:12.416  INFO 10680 --- [main] trationDelegate$BeanPostProcessorChecker : Bean 'shiroConfiguration' of type [com.zhuweiwei.shiro.config.ShiroConfiguration$$EnhancerBySpringCGLIB$$3b3a8ae2] is not eligible for getting processed by all BeanPostProcessors (for example: not eligible for auto-proxying)
2021-05-11 23:01:13.020  INFO 10680 --- [main] trationDelegate$BeanPostProcessorChecker : Bean 'enterpriseCacheSessionDAO' of type [org.apache.shiro.session.mgt.eis.EnterpriseCacheSessionDAO] is not eligible for getting processed by all BeanPostProcessors (for example: not eligible for auto-proxying)
2021-05-11 23:01:13.021  INFO 10680 --- [main] trationDelegate$BeanPostProcessorChecker : Bean 'defaultWebSessionManager' of type [org.apache.shiro.web.session.mgt.DefaultWebSessionManager] is not eligible for getting processed by all BeanPostProcessors (for example: not eligible for auto-proxying)
2021-05-11 23:01:13.152  INFO 10680 --- [main] trationDelegate$BeanPostProcessorChecker : Bean 'mybatis-plus-com.baomidou.mybatisplus.autoconfigure.MybatisPlusProperties' of type [com.baomidou.mybatisplus.autoconfigure.MybatisPlusProperties] is not eligible for getting processed by all BeanPostProcessors (for example: not eligible for auto-proxying)
2021-05-11 23:01:13.163  INFO 10680 --- [main] trationDelegate$BeanPostProcessorChecker : Bean 'com.baomidou.mybatisplus.autoconfigure.MybatisPlusAutoConfiguration' of type [com.baomidou.mybatisplus.autoconfigure.MybatisPlusAutoConfiguration$$EnhancerBySpringCGLIB$$4b050737] is not eligible for getting processed by all BeanPostProcessors (for example: not eligible for auto-proxying)
2021-05-11 23:01:13.165  INFO 10680 --- [main] trationDelegate$BeanPostProcessorChecker : Bean 'com.alibaba.druid.spring.boot.autoconfigure.DruidDataSourceAutoConfigure' of type [com.alibaba.druid.spring.boot.autoconfigure.DruidDataSourceAutoConfigure$$EnhancerBySpringCGLIB$$26e8900f] is not eligible for getting processed by all BeanPostProcessors (for example: not eligible for auto-proxying)
2021-05-11 23:01:13.169  INFO 10680 --- [main] c.a.d.s.b.a.DruidDataSourceAutoConfigure : Init DruidDataSource
2021-05-11 23:01:13.259  INFO 10680 --- [main] trationDelegate$BeanPostProcessorChecker : Bean 'spring.datasource-org.springframework.boot.autoconfigure.jdbc.DataSourceProperties' of type [org.springframework.boot.autoconfigure.jdbc.DataSourceProperties] is not eligible for getting processed by all BeanPostProcessors (for example: not eligible for auto-proxying)
2021-05-11 23:01:13.261  INFO 10680 --- [main] trationDelegate$BeanPostProcessorChecker : Bean 'com.alibaba.druid.spring.boot.autoconfigure.stat.DruidFilterConfiguration' of type [com.alibaba.druid.spring.boot.autoconfigure.stat.DruidFilterConfiguration] is not eligible for getting processed by all BeanPostProcessors (for example: not eligible for auto-proxying)
2021-05-11 23:01:13.284  INFO 10680 --- [main] trationDelegate$BeanPostProcessorChecker : Bean 'statFilter' of type [com.alibaba.druid.filter.stat.StatFilter] is not eligible for getting processed by all BeanPostProcessors (for example: not eligible for auto-proxying)
2021-05-11 23:01:13.294  INFO 10680 --- [main] trationDelegate$BeanPostProcessorChecker : Bean 'slf4jLogFilter' of type [com.alibaba.druid.filter.logging.Slf4jLogFilter] is not eligible for getting processed by all BeanPostProcessors (for example: not eligible for auto-proxying)
2021-05-11 23:01:13.593  INFO 10680 --- [main] com.alibaba.druid.pool.DruidDataSource   : {dataSource-1} inited
2021-05-11 23:01:13.593  INFO 10680 --- [main] trationDelegate$BeanPostProcessorChecker : Bean 'dataSource' of type [com.alibaba.druid.spring.boot.autoconfigure.DruidDataSourceWrapper] is not eligible for getting processed by all BeanPostProcessors (for example: not eligible for auto-proxying)
2021-05-11 23:01:14.121  INFO 10680 --- [main] trationDelegate$BeanPostProcessorChecker : Bean 'sqlSessionFactory' of type [org.apache.ibatis.session.defaults.DefaultSqlSessionFactory] is not eligible for getting processed by all BeanPostProcessors (for example: not eligible for auto-proxying)
2021-05-11 23:01:14.127  INFO 10680 --- [main] trationDelegate$BeanPostProcessorChecker : Bean 'sqlSessionTemplate' of type [org.mybatis.spring.SqlSessionTemplate] is not eligible for getting processed by all BeanPostProcessors (for example: not eligible for auto-proxying)
2021-05-11 23:01:14.157  INFO 10680 --- [main] trationDelegate$BeanPostProcessorChecker : Bean 'loginUserMapper' of type [org.mybatis.spring.mapper.MapperFactoryBean] is not eligible for getting processed by all BeanPostProcessors (for example: not eligible for auto-proxying)
2021-05-11 23:01:14.159  INFO 10680 --- [main] trationDelegate$BeanPostProcessorChecker : Bean 'loginUserMapper' of type [com.sun.proxy.$Proxy79] is not eligible for getting processed by all BeanPostProcessors (for example: not eligible for auto-proxying)
2021-05-11 23:01:14.160  INFO 10680 --- [main] trationDelegate$BeanPostProcessorChecker : Bean 'loginUserServiceImpl' of type [com.zhuweiwei.springbootlearning0405.service.impl.LoginUserServiceImpl] is not eligible for getting processed by all BeanPostProcessors (for example: not eligible for auto-proxying)
2021-05-11 23:01:14.161  INFO 10680 --- [main] trationDelegate$BeanPostProcessorChecker : Bean 'userNamePasswordRealm' of type [com.zhuweiwei.shiro.realm.UserNamePasswordRealm] is not eligible for getting processed by all BeanPostProcessors (for example: not eligible for auto-proxying)
2021-05-11 23:01:14.316  INFO 10680 --- [main] o.a.shiro.cache.ehcache.EhCacheManager   : Cache with name 'com.zhuweiwei.shiro.realm.UserNamePasswordRealm.authorizationCache' does not yet exist.  Creating now.
2021-05-11 23:01:14.319  INFO 10680 --- [main] o.a.shiro.cache.ehcache.EhCacheManager   : Added EhCache named [com.zhuweiwei.shiro.realm.UserNamePasswordRealm.authorizationCache]
2021-05-11 23:01:14.322  INFO 10680 --- [main] trationDelegate$BeanPostProcessorChecker : Bean 'rememberMeManager' of type [org.apache.shiro.web.mgt.CookieRememberMeManager] is not eligible for getting processed by all BeanPostProcessors (for example: not eligible for auto-proxying)
2021-05-11 23:01:14.324  INFO 10680 --- [main] trationDelegate$BeanPostProcessorChecker : Bean 'defaultWebSecurityManager' of type [org.apache.shiro.web.mgt.DefaultWebSecurityManager] is not eligible for getting processed by all BeanPostProcessors (for example: not eligible for auto-proxying)
2021-05-11 23:01:14.407  INFO 10680 --- [main] trationDelegate$BeanPostProcessorChecker : Bean 'org.apache.shiro.spring.boot.autoconfigure.ShiroAnnotationProcessorAutoConfiguration' of type [org.apache.shiro.spring.boot.autoconfigure.ShiroAnnotationProcessorAutoConfiguration$$EnhancerBySpringCGLIB$$22e8b6f2] is not eligible for getting processed by all BeanPostProcessors (for example: not eligible for auto-proxying)
2021-05-11 23:01:14.427  INFO 10680 --- [main] trationDelegate$BeanPostProcessorChecker : Bean 'authorizationAttributeSourceAdvisor' of type [org.apache.shiro.spring.security.interceptor.AuthorizationAttributeSourceAdvisor] is not eligible for getting processed by all BeanPostProcessors (for example: not eligible for auto-proxying)
2021-05-11 23:01:14.470  INFO 10680 --- [main] trationDelegate$BeanPostProcessorChecker : Bean 'org.apache.shiro.spring.boot.autoconfigure.ShiroBeanAutoConfiguration' of type [org.apache.shiro.spring.boot.autoconfigure.ShiroBeanAutoConfiguration$$EnhancerBySpringCGLIB$$2055784d] is not eligible for getting processed by all BeanPostProcessors (for example: not eligible for auto-proxying)
2021-05-11 23:01:14.479  INFO 10680 --- [main] trationDelegate$BeanPostProcessorChecker : Bean 'eventBus' of type [org.apache.shiro.event.support.DefaultEventBus] is not eligible for getting processed by all BeanPostProcessors (for example: not eligible for auto-proxying)
2021-05-11 23:01:14.871  INFO 10680 --- [main] o.s.b.w.embedded.tomcat.TomcatWebServer  : Tomcat initialized with port(s): 8081 (http)
2021-05-11 23:01:14.888  INFO 10680 --- [main] o.a.coyote.http11.Http11NioProtocol      : Initializing ProtocolHandler ["http-nio-127.0.0.1-8081"]
2021-05-11 23:01:14.888  INFO 10680 --- [main] o.apache.catalina.core.StandardService   : Starting service [Tomcat]
2021-05-11 23:01:14.888  INFO 10680 --- [main] org.apache.catalina.core.StandardEngine  : Starting Servlet engine: [Apache Tomcat/9.0.33]
2021-05-11 23:01:15.038  INFO 10680 --- [main] o.a.c.c.C.[Tomcat].[localhost].[/main]   : Initializing Spring embedded WebApplicationContext
2021-05-11 23:01:15.039  INFO 10680 --- [main] o.s.web.context.ContextLoader            : Root WebApplicationContext: initialization completed in 4314 ms
2021-05-11 23:01:15.226  INFO 10680 --- [main] o.s.c.ehcache.EhCacheManagerFactoryBean  : Initializing EhCache CacheManager
2021-05-11 23:01:15.350  INFO 10680 --- [main] o.hibernate.jpa.internal.util.LogHelper  : HHH000204: Processing PersistenceUnitInfo [name: default]
2021-05-11 23:01:15.438  INFO 10680 --- [main] org.hibernate.Version                    : HHH000412: Hibernate ORM core version 5.4.12.Final
2021-05-11 23:01:15.623  INFO 10680 --- [main] o.hibernate.annotations.common.Version   : HCANN000001: Hibernate Commons Annotations {5.1.0.Final}
2021-05-11 23:01:15.987  INFO 10680 --- [main] org.hibernate.dialect.Dialect            : HHH000400: Using dialect: org.hibernate.dialect.MySQL57Dialect
2021-05-11 23:01:17.031  INFO 10680 --- [main] o.h.e.t.j.p.i.JtaPlatformInitiator       : HHH000490: Using JtaPlatform implementation: [org.hibernate.engine.transaction.jta.platform.internal.NoJtaPlatform]
2021-05-11 23:01:17.043  INFO 10680 --- [main] j.LocalContainerEntityManagerFactoryBean : Initialized JPA EntityManagerFactory for persistence unit 'default'
2021-05-11 23:01:18.340  INFO 10680 --- [main] o.s.s.concurrent.ThreadPoolTaskExecutor  : Initializing ExecutorService 'applicationTaskExecutor'
2021-05-11 23:01:18.522  INFO 10680 --- [main] o.s.b.a.w.s.WelcomePageHandlerMapping    : Adding welcome page template: index
2021-05-11 23:01:20.058  INFO 10680 --- [main] o.a.coyote.http11.Http11NioProtocol      : Starting ProtocolHandler ["http-nio-127.0.0.1-8081"]
2021-05-11 23:01:20.104  INFO 10680 --- [main] o.s.b.w.embedded.tomcat.TomcatWebServer  : Tomcat started on port(s): 8081 (http) with context path '/main'
2021-05-11 23:01:20.107  INFO 10680 --- [main] c.z.s.MainApplication                    : Started MainApplication in 10.495 seconds (JVM running for 11.265)
2021-05-11 23:01:20.210  INFO 10680 --- [http-nio-127.0.0.1-8081-exec-1] o.a.c.c.C.[Tomcat].[localhost].[/main]   : Initializing Spring DispatcherServlet 'dispatcherServlet'
2021-05-11 23:01:20.210  INFO 10680 --- [http-nio-127.0.0.1-8081-exec-1] o.s.web.servlet.DispatcherServlet        : Initializing Servlet 'dispatcherServlet'
2021-05-11 23:01:20.223  INFO 10680 --- [http-nio-127.0.0.1-8081-exec-1] o.s.web.servlet.DispatcherServlet        : Completed initialization in 13 ms
2021-05-11 23:01:20.257  INFO 10680 --- [http-nio-127.0.0.1-8081-exec-1] a.s.s.m.AbstractValidatingSessionManager : Enabling session validation scheduler...
2021-05-11 23:01:20.272  INFO 10680 --- [http-nio-127.0.0.1-8081-exec-1] o.a.shiro.cache.ehcache.EhCacheManager   : Using existing EHCache named [shiro-activeSessionCache]
2021-05-11 23:11:20.267  INFO 10680 --- [SessionValidationThread-1] a.s.s.m.AbstractValidatingSessionManager : Validating all active sessions...
2021-05-11 23:11:20.268  INFO 10680 --- [SessionValidationThread-1] a.s.s.m.AbstractValidatingSessionManager : Finished session validation.  No sessions were stopped.
2021-05-11 23:21:20.273  INFO 10680 --- [SessionValidationThread-1] a.s.s.m.AbstractValidatingSessionManager : Validating all active sessions...
2021-05-11 23:21:20.273  INFO 10680 --- [SessionValidationThread-1] a.s.s.m.AbstractValidatingSessionManager : Finished session validation.  No sessions were stopped.
2021-05-11 23:31:20.263  INFO 10680 --- [SessionValidationThread-1] a.s.s.m.AbstractValidatingSessionManager : Validating all active sessions...
2021-05-11 23:31:20.263  INFO 10680 --- [SessionValidationThread-1] a.s.s.m.AbstractValidatingSessionManager : Finished session validation.  No sessions were stopped.
2021-05-11 23:41:20.271  INFO 10680 --- [SessionValidationThread-1] a.s.s.m.AbstractValidatingSessionManager : Validating all active sessions...
2021-05-11 23:41:20.271  INFO 10680 --- [SessionValidationThread-1] a.s.s.m.AbstractValidatingSessionManager : Finished session validation.  No sessions were stopped.
2021-05-11 23:47:22.378  INFO 10680 --- [SpringContextShutdownHook] o.s.s.concurrent.ThreadPoolTaskExecutor  : Shutting down ExecutorService 'applicationTaskExecutor'
2021-05-11 23:47:22.379  INFO 10680 --- [SpringContextShutdownHook] j.LocalContainerEntityManagerFactoryBean : Closing JPA EntityManagerFactory for persistence unit 'default'
2021-05-11 23:47:22.382  INFO 10680 --- [SpringContextShutdownHook] o.s.c.ehcache.EhCacheManagerFactoryBean  : Shutting down EhCache CacheManager
2021-05-11 23:47:22.394  INFO 10680 --- [SpringContextShutdownHook] a.s.s.m.AbstractValidatingSessionManager : Disabled session validation scheduler.
2021-05-11 23:47:22.394  INFO 10680 --- [SpringContextShutdownHook] com.alibaba.druid.pool.DruidDataSource   : {dataSource-1} closing ...
2021-05-11 23:47:22.401  INFO 10680 --- [SpringContextShutdownHook] com.alibaba.druid.pool.DruidDataSource   : {dataSource-1} closed
2021-05-11 23:47:33.616  INFO 11180 --- [main] c.z.s.MainApplication                    : Starting MainApplication on zhuweiwei with PID 11180 (D:\github\springboot-demo\main\target\classes started by DELL in D:\github\springboot-demo)
2021-05-11 23:47:33.622  INFO 11180 --- [main] c.z.s.MainApplication                    : The following profiles are active: myDev
2021-05-11 23:47:35.442  INFO 11180 --- [main] .s.d.r.c.RepositoryConfigurationDelegate : Multiple Spring Data modules found, entering strict repository configuration mode!
2021-05-11 23:47:35.446  INFO 11180 --- [main] .s.d.r.c.RepositoryConfigurationDelegate : Bootstrapping Spring Data JPA repositories in DEFAULT mode.
2021-05-11 23:47:35.765  INFO 11180 --- [main] .s.d.r.c.RepositoryConfigurationDelegate : Finished Spring Data repository scanning in 298ms. Found 1 JPA repository interfaces.
2021-05-11 23:47:35.792  INFO 11180 --- [main] .s.d.r.c.RepositoryConfigurationDelegate : Multiple Spring Data modules found, entering strict repository configuration mode!
2021-05-11 23:47:35.794  INFO 11180 --- [main] .s.d.r.c.RepositoryConfigurationDelegate : Bootstrapping Spring Data Redis repositories in DEFAULT mode.
2021-05-11 23:47:35.822  INFO 11180 --- [main] .RepositoryConfigurationExtensionSupport : Spring Data Redis - Could not safely identify store assignment for repository candidate interface com.zhuweiwei.springbootlearning0405.jpa.UserRepository. If you want this repository to be a Redis repository, consider annotating your entities with one of these annotations: org.springframework.data.redis.core.RedisHash (preferred), or consider extending one of the following types with your repository: org.springframework.data.keyvalue.repository.KeyValueRepository.
2021-05-11 23:47:35.822  INFO 11180 --- [main] .s.d.r.c.RepositoryConfigurationDelegate : Finished Spring Data repository scanning in 14ms. Found 0 Redis repository interfaces.
2021-05-11 23:47:36.643  INFO 11180 --- [main] trationDelegate$BeanPostProcessorChecker : Bean 'shiroConfiguration' of type [com.zhuweiwei.shiro.config.ShiroConfiguration$$EnhancerBySpringCGLIB$$11a879d3] is not eligible for getting processed by all BeanPostProcessors (for example: not eligible for auto-proxying)
2021-05-11 23:47:37.465  INFO 11180 --- [main] trationDelegate$BeanPostProcessorChecker : Bean 'enterpriseCacheSessionDAO' of type [org.apache.shiro.session.mgt.eis.EnterpriseCacheSessionDAO] is not eligible for getting processed by all BeanPostProcessors (for example: not eligible for auto-proxying)
2021-05-11 23:47:37.467  INFO 11180 --- [main] trationDelegate$BeanPostProcessorChecker : Bean 'defaultWebSessionManager' of type [org.apache.shiro.web.session.mgt.DefaultWebSessionManager] is not eligible for getting processed by all BeanPostProcessors (for example: not eligible for auto-proxying)
2021-05-11 23:47:37.640  INFO 11180 --- [main] trationDelegate$BeanPostProcessorChecker : Bean 'mybatis-plus-com.baomidou.mybatisplus.autoconfigure.MybatisPlusProperties' of type [com.baomidou.mybatisplus.autoconfigure.MybatisPlusProperties] is not eligible for getting processed by all BeanPostProcessors (for example: not eligible for auto-proxying)
2021-05-11 23:47:37.656  INFO 11180 --- [main] trationDelegate$BeanPostProcessorChecker : Bean 'com.baomidou.mybatisplus.autoconfigure.MybatisPlusAutoConfiguration' of type [com.baomidou.mybatisplus.autoconfigure.MybatisPlusAutoConfiguration$$EnhancerBySpringCGLIB$$2172f628] is not eligible for getting processed by all BeanPostProcessors (for example: not eligible for auto-proxying)
2021-05-11 23:47:37.659  INFO 11180 --- [main] trationDelegate$BeanPostProcessorChecker : Bean 'com.alibaba.druid.spring.boot.autoconfigure.DruidDataSourceAutoConfigure' of type [com.alibaba.druid.spring.boot.autoconfigure.DruidDataSourceAutoConfigure$$EnhancerBySpringCGLIB$$fd567f00] is not eligible for getting processed by all BeanPostProcessors (for example: not eligible for auto-proxying)
2021-05-11 23:47:37.663  INFO 11180 --- [main] c.a.d.s.b.a.DruidDataSourceAutoConfigure : Init DruidDataSource
2021-05-11 23:47:37.796  INFO 11180 --- [main] trationDelegate$BeanPostProcessorChecker : Bean 'spring.datasource-org.springframework.boot.autoconfigure.jdbc.DataSourceProperties' of type [org.springframework.boot.autoconfigure.jdbc.DataSourceProperties] is not eligible for getting processed by all BeanPostProcessors (for example: not eligible for auto-proxying)
2021-05-11 23:47:37.799  INFO 11180 --- [main] trationDelegate$BeanPostProcessorChecker : Bean 'com.alibaba.druid.spring.boot.autoconfigure.stat.DruidFilterConfiguration' of type [com.alibaba.druid.spring.boot.autoconfigure.stat.DruidFilterConfiguration] is not eligible for getting processed by all BeanPostProcessors (for example: not eligible for auto-proxying)
2021-05-11 23:47:37.845  INFO 11180 --- [main] trationDelegate$BeanPostProcessorChecker : Bean 'statFilter' of type [com.alibaba.druid.filter.stat.StatFilter] is not eligible for getting processed by all BeanPostProcessors (for example: not eligible for auto-proxying)
2021-05-11 23:47:37.863  INFO 11180 --- [main] trationDelegate$BeanPostProcessorChecker : Bean 'slf4jLogFilter' of type [com.alibaba.druid.filter.logging.Slf4jLogFilter] is not eligible for getting processed by all BeanPostProcessors (for example: not eligible for auto-proxying)
2021-05-11 23:47:38.327  INFO 11180 --- [main] com.alibaba.druid.pool.DruidDataSource   : {dataSource-1} inited
2021-05-11 23:47:38.328  INFO 11180 --- [main] trationDelegate$BeanPostProcessorChecker : Bean 'dataSource' of type [com.alibaba.druid.spring.boot.autoconfigure.DruidDataSourceWrapper] is not eligible for getting processed by all BeanPostProcessors (for example: not eligible for auto-proxying)
2021-05-11 23:47:39.201  INFO 11180 --- [main] trationDelegate$BeanPostProcessorChecker : Bean 'sqlSessionFactory' of type [org.apache.ibatis.session.defaults.DefaultSqlSessionFactory] is not eligible for getting processed by all BeanPostProcessors (for example: not eligible for auto-proxying)
2021-05-11 23:47:39.208  INFO 11180 --- [main] trationDelegate$BeanPostProcessorChecker : Bean 'sqlSessionTemplate' of type [org.mybatis.spring.SqlSessionTemplate] is not eligible for getting processed by all BeanPostProcessors (for example: not eligible for auto-proxying)
2021-05-11 23:47:39.249  INFO 11180 --- [main] trationDelegate$BeanPostProcessorChecker : Bean 'loginUserMapper' of type [org.mybatis.spring.mapper.MapperFactoryBean] is not eligible for getting processed by all BeanPostProcessors (for example: not eligible for auto-proxying)
2021-05-11 23:47:39.252  INFO 11180 --- [main] trationDelegate$BeanPostProcessorChecker : Bean 'loginUserMapper' of type [com.sun.proxy.$Proxy78] is not eligible for getting processed by all BeanPostProcessors (for example: not eligible for auto-proxying)
2021-05-11 23:47:39.252  INFO 11180 --- [main] trationDelegate$BeanPostProcessorChecker : Bean 'loginUserServiceImpl' of type [com.zhuweiwei.springbootlearning0405.service.impl.LoginUserServiceImpl] is not eligible for getting processed by all BeanPostProcessors (for example: not eligible for auto-proxying)
2021-05-11 23:47:39.253  INFO 11180 --- [main] trationDelegate$BeanPostProcessorChecker : Bean 'userNamePasswordRealm' of type [com.zhuweiwei.shiro.realm.UserNamePasswordRealm] is not eligible for getting processed by all BeanPostProcessors (for example: not eligible for auto-proxying)
2021-05-11 23:47:39.418  INFO 11180 --- [main] o.a.shiro.cache.ehcache.EhCacheManager   : Cache with name 'com.zhuweiwei.shiro.realm.UserNamePasswordRealm.authorizationCache' does not yet exist.  Creating now.
2021-05-11 23:47:39.422  INFO 11180 --- [main] o.a.shiro.cache.ehcache.EhCacheManager   : Added EhCache named [com.zhuweiwei.shiro.realm.UserNamePasswordRealm.authorizationCache]
2021-05-11 23:47:39.427  INFO 11180 --- [main] trationDelegate$BeanPostProcessorChecker : Bean 'rememberMeManager' of type [org.apache.shiro.web.mgt.CookieRememberMeManager] is not eligible for getting processed by all BeanPostProcessors (for example: not eligible for auto-proxying)
2021-05-11 23:47:39.430  INFO 11180 --- [main] trationDelegate$BeanPostProcessorChecker : Bean 'defaultWebSecurityManager' of type [org.apache.shiro.web.mgt.DefaultWebSecurityManager] is not eligible for getting processed by all BeanPostProcessors (for example: not eligible for auto-proxying)
2021-05-11 23:47:39.538  INFO 11180 --- [main] trationDelegate$BeanPostProcessorChecker : Bean 'org.apache.shiro.spring.boot.autoconfigure.ShiroAnnotationProcessorAutoConfiguration' of type [org.apache.shiro.spring.boot.autoconfigure.ShiroAnnotationProcessorAutoConfiguration$$EnhancerBySpringCGLIB$$f956a5e3] is not eligible for getting processed by all BeanPostProcessors (for example: not eligible for auto-proxying)
2021-05-11 23:47:39.560  INFO 11180 --- [main] trationDelegate$BeanPostProcessorChecker : Bean 'authorizationAttributeSourceAdvisor' of type [org.apache.shiro.spring.security.interceptor.AuthorizationAttributeSourceAdvisor] is not eligible for getting processed by all BeanPostProcessors (for example: not eligible for auto-proxying)
2021-05-11 23:47:39.618  INFO 11180 --- [main] trationDelegate$BeanPostProcessorChecker : Bean 'org.apache.shiro.spring.boot.autoconfigure.ShiroBeanAutoConfiguration' of type [org.apache.shiro.spring.boot.autoconfigure.ShiroBeanAutoConfiguration$$EnhancerBySpringCGLIB$$f6c3673e] is not eligible for getting processed by all BeanPostProcessors (for example: not eligible for auto-proxying)
2021-05-11 23:47:39.628  INFO 11180 --- [main] trationDelegate$BeanPostProcessorChecker : Bean 'eventBus' of type [org.apache.shiro.event.support.DefaultEventBus] is not eligible for getting processed by all BeanPostProcessors (for example: not eligible for auto-proxying)
2021-05-11 23:47:40.198  INFO 11180 --- [main] o.s.b.w.embedded.tomcat.TomcatWebServer  : Tomcat initialized with port(s): 8081 (http)
2021-05-11 23:47:40.219  INFO 11180 --- [main] o.a.coyote.http11.Http11NioProtocol      : Initializing ProtocolHandler ["http-nio-127.0.0.1-8081"]
2021-05-11 23:47:40.220  INFO 11180 --- [main] o.apache.catalina.core.StandardService   : Starting service [Tomcat]
2021-05-11 23:47:40.221  INFO 11180 --- [main] org.apache.catalina.core.StandardEngine  : Starting Servlet engine: [Apache Tomcat/9.0.33]
2021-05-11 23:47:40.518  INFO 11180 --- [main] o.a.c.c.C.[Tomcat].[localhost].[/main]   : Initializing Spring embedded WebApplicationContext
2021-05-11 23:47:40.518  INFO 11180 --- [main] o.s.web.context.ContextLoader            : Root WebApplicationContext: initialization completed in 6745 ms
2021-05-11 23:47:40.818  INFO 11180 --- [main] o.s.c.ehcache.EhCacheManagerFactoryBean  : Initializing EhCache CacheManager
2021-05-11 23:47:41.048  INFO 11180 --- [main] o.hibernate.jpa.internal.util.LogHelper  : HHH000204: Processing PersistenceUnitInfo [name: default]
2021-05-11 23:47:41.247  INFO 11180 --- [main] org.hibernate.Version                    : HHH000412: Hibernate ORM core version 5.4.12.Final
2021-05-11 23:47:41.608  INFO 11180 --- [main] o.hibernate.annotations.common.Version   : HCANN000001: Hibernate Commons Annotations {5.1.0.Final}
2021-05-11 23:47:42.123  INFO 11180 --- [main] org.hibernate.dialect.Dialect            : HHH000400: Using dialect: org.hibernate.dialect.MySQL57Dialect
2021-05-11 23:47:43.072  INFO 11180 --- [main] o.h.e.t.j.p.i.JtaPlatformInitiator       : HHH000490: Using JtaPlatform implementation: [org.hibernate.engine.transaction.jta.platform.internal.NoJtaPlatform]
2021-05-11 23:47:43.082  INFO 11180 --- [main] j.LocalContainerEntityManagerFactoryBean : Initialized JPA EntityManagerFactory for persistence unit 'default'
2021-05-11 23:47:44.465  INFO 11180 --- [main] o.s.s.concurrent.ThreadPoolTaskExecutor  : Initializing ExecutorService 'applicationTaskExecutor'
2021-05-11 23:47:44.707  INFO 11180 --- [main] o.s.b.a.w.s.WelcomePageHandlerMapping    : Adding welcome page template: index
2021-05-11 23:47:46.375  INFO 11180 --- [main] o.a.coyote.http11.Http11NioProtocol      : Starting ProtocolHandler ["http-nio-127.0.0.1-8081"]
2021-05-11 23:47:46.424  INFO 11180 --- [main] o.s.b.w.embedded.tomcat.TomcatWebServer  : Tomcat started on port(s): 8081 (http) with context path '/main'
2021-05-11 23:47:46.428  INFO 11180 --- [main] c.z.s.MainApplication                    : Started MainApplication in 14.627 seconds (JVM running for 16.344)
2021-05-11 23:49:03.833  INFO 11180 --- [http-nio-127.0.0.1-8081-exec-1] o.a.c.c.C.[Tomcat].[localhost].[/main]   : Initializing Spring DispatcherServlet 'dispatcherServlet'
2021-05-11 23:49:03.833  INFO 11180 --- [http-nio-127.0.0.1-8081-exec-1] o.s.web.servlet.DispatcherServlet        : Initializing Servlet 'dispatcherServlet'
2021-05-11 23:49:03.843  INFO 11180 --- [http-nio-127.0.0.1-8081-exec-1] o.s.web.servlet.DispatcherServlet        : Completed initialization in 10 ms
2021-05-11 23:49:03.869  INFO 11180 --- [http-nio-127.0.0.1-8081-exec-1] a.s.s.m.AbstractValidatingSessionManager : Enabling session validation scheduler...
2021-05-11 23:49:03.883  INFO 11180 --- [http-nio-127.0.0.1-8081-exec-1] o.a.shiro.cache.ehcache.EhCacheManager   : Using existing EHCache named [shiro-activeSessionCache]
2021-05-11 23:59:03.878  INFO 11180 --- [SessionValidationThread-1] a.s.s.m.AbstractValidatingSessionManager : Validating all active sessions...
2021-05-11 23:59:03.879  INFO 11180 --- [SessionValidationThread-1] a.s.s.m.AbstractValidatingSessionManager : Finished session validation.  No sessions were stopped.
