2021-05-12 00:09:03.879  INFO 11180 --- [SessionValidationThread-1] a.s.s.m.AbstractValidatingSessionManager : Validating all active sessions...
2021-05-12 00:09:03.882  INFO 11180 --- [SessionValidationThread-1] a.s.s.m.AbstractValidatingSessionManager : Finished session validation.  No sessions were stopped.
2021-05-12 00:19:04.208  INFO 11180 --- [SessionValidationThread-1] a.s.s.m.AbstractValidatingSessionManager : Validating all active sessions...
2021-05-12 00:19:08.771  INFO 11180 --- [SessionValidationThread-1] a.s.s.m.AbstractValidatingSessionManager : Finished session validation.  No sessions were stopped.
2021-05-12 00:29:03.872  INFO 11180 --- [SessionValidationThread-1] a.s.s.m.AbstractValidatingSessionManager : Validating all active sessions...
2021-05-12 00:29:03.872  INFO 11180 --- [SessionValidationThread-1] a.s.s.m.AbstractValidatingSessionManager : Finished session validation.  No sessions were stopped.
2021-05-12 00:37:17.247  INFO 11180 --- [SpringContextShutdownHook] o.s.s.concurrent.ThreadPoolTaskExecutor  : Shutting down ExecutorService 'applicationTaskExecutor'
2021-05-12 00:37:17.248  INFO 11180 --- [SpringContextShutdownHook] j.LocalContainerEntityManagerFactoryBean : Closing JPA EntityManagerFactory for persistence unit 'default'
2021-05-12 00:37:17.251  INFO 11180 --- [SpringContextShutdownHook] o.s.c.ehcache.EhCacheManagerFactoryBean  : Shutting down EhCache CacheManager
2021-05-12 00:37:17.263  INFO 11180 --- [SpringContextShutdownHook] a.s.s.m.AbstractValidatingSessionManager : Disabled session validation scheduler.
2021-05-12 00:37:17.263  INFO 11180 --- [SpringContextShutdownHook] com.alibaba.druid.pool.DruidDataSource   : {dataSource-1} closing ...
2021-05-12 00:37:17.269  INFO 11180 --- [SpringContextShutdownHook] com.alibaba.druid.pool.DruidDataSource   : {dataSource-1} closed
2021-05-12 22:51:09.592  INFO 7792 --- [restartedMain] c.z.s.MainApplication                    : Starting MainApplication on zhuweiwei with PID 7792 (D:\github\springboot-demo\main\target\classes started by DELL in D:\github\springboot-demo)
2021-05-12 22:51:09.595  INFO 7792 --- [restartedMain] c.z.s.MainApplication                    : The following profiles are active: myDev
2021-05-12 22:51:09.688  INFO 7792 --- [restartedMain] o.s.b.devtools.restart.ChangeableUrls    : The Class-Path manifest attribute in D:\repository\org\glassfish\jaxb\jaxb-runtime\2.3.2\jaxb-runtime-2.3.2.jar referenced one or more files that do not exist: file:/D:/repository/org/glassfish/jaxb/jaxb-runtime/2.3.2/jakarta.xml.bind-api-2.3.2.jar,file:/D:/repository/org/glassfish/jaxb/jaxb-runtime/2.3.2/txw2-2.3.2.jar,file:/D:/repository/org/glassfish/jaxb/jaxb-runtime/2.3.2/istack-commons-runtime-3.0.8.jar,file:/D:/repository/org/glassfish/jaxb/jaxb-runtime/2.3.2/stax-ex-1.8.1.jar,file:/D:/repository/org/glassfish/jaxb/jaxb-runtime/2.3.2/FastInfoset-1.2.16.jar,file:/D:/repository/org/glassfish/jaxb/jaxb-runtime/2.3.2/jakarta.activation-api-1.2.1.jar
2021-05-12 22:51:09.689  INFO 7792 --- [restartedMain] .e.DevToolsPropertyDefaultsPostProcessor : Devtools property defaults active! Set 'spring.devtools.add-properties' to 'false' to disable
2021-05-12 22:51:09.689  INFO 7792 --- [restartedMain] .e.DevToolsPropertyDefaultsPostProcessor : For additional web related logging consider setting the 'logging.level.web' property to 'DEBUG'
2021-05-12 22:51:11.074  INFO 7792 --- [restartedMain] .s.d.r.c.RepositoryConfigurationDelegate : Multiple Spring Data modules found, entering strict repository configuration mode!
2021-05-12 22:51:11.075  INFO 7792 --- [restartedMain] .s.d.r.c.RepositoryConfigurationDelegate : Bootstrapping Spring Data JPA repositories in DEFAULT mode.
2021-05-12 22:51:11.196  INFO 7792 --- [restartedMain] .s.d.r.c.RepositoryConfigurationDelegate : Finished Spring Data repository scanning in 108ms. Found 1 JPA repository interfaces.
2021-05-12 22:51:11.222  INFO 7792 --- [restartedMain] .s.d.r.c.RepositoryConfigurationDelegate : Multiple Spring Data modules found, entering strict repository configuration mode!
2021-05-12 22:51:11.224  INFO 7792 --- [restartedMain] .s.d.r.c.RepositoryConfigurationDelegate : Bootstrapping Spring Data Redis repositories in DEFAULT mode.
2021-05-12 22:51:11.248  INFO 7792 --- [restartedMain] .RepositoryConfigurationExtensionSupport : Spring Data Redis - Could not safely identify store assignment for repository candidate interface com.zhuweiwei.springbootlearning0405.jpa.UserRepository. If you want this repository to be a Redis repository, consider annotating your entities with one of these annotations: org.springframework.data.redis.core.RedisHash (preferred), or consider extending one of the following types with your repository: org.springframework.data.keyvalue.repository.KeyValueRepository.
2021-05-12 22:51:11.249  INFO 7792 --- [restartedMain] .s.d.r.c.RepositoryConfigurationDelegate : Finished Spring Data repository scanning in 10ms. Found 0 Redis repository interfaces.
2021-05-12 22:51:11.676  INFO 7792 --- [restartedMain] trationDelegate$BeanPostProcessorChecker : Bean 'shiroConfiguration' of type [com.zhuweiwei.shiro.config.ShiroConfiguration$$EnhancerBySpringCGLIB$$f735d471] is not eligible for getting processed by all BeanPostProcessors (for example: not eligible for auto-proxying)
2021-05-12 22:51:12.210  INFO 7792 --- [restartedMain] trationDelegate$BeanPostProcessorChecker : Bean 'enterpriseCacheSessionDAO' of type [org.apache.shiro.session.mgt.eis.EnterpriseCacheSessionDAO] is not eligible for getting processed by all BeanPostProcessors (for example: not eligible for auto-proxying)
2021-05-12 22:51:12.218  INFO 7792 --- [restartedMain] trationDelegate$BeanPostProcessorChecker : Bean 'defaultWebSessionManager' of type [org.apache.shiro.web.session.mgt.DefaultWebSessionManager] is not eligible for getting processed by all BeanPostProcessors (for example: not eligible for auto-proxying)
2021-05-12 22:51:12.459  INFO 7792 --- [restartedMain] trationDelegate$BeanPostProcessorChecker : Bean 'mybatis-plus-com.baomidou.mybatisplus.autoconfigure.MybatisPlusProperties' of type [com.baomidou.mybatisplus.autoconfigure.MybatisPlusProperties] is not eligible for getting processed by all BeanPostProcessors (for example: not eligible for auto-proxying)
2021-05-12 22:51:12.468  INFO 7792 --- [restartedMain] trationDelegate$BeanPostProcessorChecker : Bean 'com.baomidou.mybatisplus.autoconfigure.MybatisPlusAutoConfiguration' of type [com.baomidou.mybatisplus.autoconfigure.MybatisPlusAutoConfiguration$$EnhancerBySpringCGLIB$$70050c6] is not eligible for getting processed by all BeanPostProcessors (for example: not eligible for auto-proxying)
2021-05-12 22:51:12.469  INFO 7792 --- [restartedMain] trationDelegate$BeanPostProcessorChecker : Bean 'com.alibaba.druid.spring.boot.autoconfigure.DruidDataSourceAutoConfigure' of type [com.alibaba.druid.spring.boot.autoconfigure.DruidDataSourceAutoConfigure$$EnhancerBySpringCGLIB$$e2e3d99e] is not eligible for getting processed by all BeanPostProcessors (for example: not eligible for auto-proxying)
2021-05-12 22:51:12.472  INFO 7792 --- [restartedMain] c.a.d.s.b.a.DruidDataSourceAutoConfigure : Init DruidDataSource
2021-05-12 22:51:12.554  INFO 7792 --- [restartedMain] trationDelegate$BeanPostProcessorChecker : Bean 'spring.datasource-org.springframework.boot.autoconfigure.jdbc.DataSourceProperties' of type [org.springframework.boot.autoconfigure.jdbc.DataSourceProperties] is not eligible for getting processed by all BeanPostProcessors (for example: not eligible for auto-proxying)
2021-05-12 22:51:12.556  INFO 7792 --- [restartedMain] trationDelegate$BeanPostProcessorChecker : Bean 'com.alibaba.druid.spring.boot.autoconfigure.stat.DruidFilterConfiguration' of type [com.alibaba.druid.spring.boot.autoconfigure.stat.DruidFilterConfiguration] is not eligible for getting processed by all BeanPostProcessors (for example: not eligible for auto-proxying)
2021-05-12 22:51:12.586  INFO 7792 --- [restartedMain] trationDelegate$BeanPostProcessorChecker : Bean 'statFilter' of type [com.alibaba.druid.filter.stat.StatFilter] is not eligible for getting processed by all BeanPostProcessors (for example: not eligible for auto-proxying)
2021-05-12 22:51:12.594  INFO 7792 --- [restartedMain] trationDelegate$BeanPostProcessorChecker : Bean 'slf4jLogFilter' of type [com.alibaba.druid.filter.logging.Slf4jLogFilter] is not eligible for getting processed by all BeanPostProcessors (for example: not eligible for auto-proxying)
2021-05-12 22:51:12.878  INFO 7792 --- [restartedMain] com.alibaba.druid.pool.DruidDataSource   : {dataSource-1} inited
2021-05-12 22:51:12.879  INFO 7792 --- [restartedMain] trationDelegate$BeanPostProcessorChecker : Bean 'dataSource' of type [com.alibaba.druid.spring.boot.autoconfigure.DruidDataSourceWrapper] is not eligible for getting processed by all BeanPostProcessors (for example: not eligible for auto-proxying)
2021-05-12 22:51:13.504  INFO 7792 --- [restartedMain] trationDelegate$BeanPostProcessorChecker : Bean 'sqlSessionFactory' of type [org.apache.ibatis.session.defaults.DefaultSqlSessionFactory] is not eligible for getting processed by all BeanPostProcessors (for example: not eligible for auto-proxying)
2021-05-12 22:51:13.509  INFO 7792 --- [restartedMain] trationDelegate$BeanPostProcessorChecker : Bean 'sqlSessionTemplate' of type [org.mybatis.spring.SqlSessionTemplate] is not eligible for getting processed by all BeanPostProcessors (for example: not eligible for auto-proxying)
2021-05-12 22:51:13.543  INFO 7792 --- [restartedMain] trationDelegate$BeanPostProcessorChecker : Bean 'loginUserMapper' of type [org.mybatis.spring.mapper.MapperFactoryBean] is not eligible for getting processed by all BeanPostProcessors (for example: not eligible for auto-proxying)
2021-05-12 22:51:13.546  INFO 7792 --- [restartedMain] trationDelegate$BeanPostProcessorChecker : Bean 'loginUserMapper' of type [com.sun.proxy.$Proxy81] is not eligible for getting processed by all BeanPostProcessors (for example: not eligible for auto-proxying)
2021-05-12 22:51:13.546  INFO 7792 --- [restartedMain] trationDelegate$BeanPostProcessorChecker : Bean 'loginUserServiceImpl' of type [com.zhuweiwei.springbootlearning0405.service.impl.LoginUserServiceImpl] is not eligible for getting processed by all BeanPostProcessors (for example: not eligible for auto-proxying)
2021-05-12 22:51:13.547  INFO 7792 --- [restartedMain] trationDelegate$BeanPostProcessorChecker : Bean 'userNamePasswordRealm' of type [com.zhuweiwei.shiro.realm.UserNamePasswordRealm] is not eligible for getting processed by all BeanPostProcessors (for example: not eligible for auto-proxying)
2021-05-12 22:51:13.695  INFO 7792 --- [restartedMain] o.a.shiro.cache.ehcache.EhCacheManager   : Cache with name 'com.zhuweiwei.shiro.realm.UserNamePasswordRealm.authorizationCache' does not yet exist.  Creating now.
2021-05-12 22:51:13.697  INFO 7792 --- [restartedMain] o.a.shiro.cache.ehcache.EhCacheManager   : Added EhCache named [com.zhuweiwei.shiro.realm.UserNamePasswordRealm.authorizationCache]
2021-05-12 22:51:13.702  INFO 7792 --- [restartedMain] trationDelegate$BeanPostProcessorChecker : Bean 'rememberMeManager' of type [org.apache.shiro.web.mgt.CookieRememberMeManager] is not eligible for getting processed by all BeanPostProcessors (for example: not eligible for auto-proxying)
2021-05-12 22:51:13.704  INFO 7792 --- [restartedMain] trationDelegate$BeanPostProcessorChecker : Bean 'defaultWebSecurityManager' of type [org.apache.shiro.web.mgt.DefaultWebSecurityManager] is not eligible for getting processed by all BeanPostProcessors (for example: not eligible for auto-proxying)
2021-05-12 22:51:13.801  INFO 7792 --- [restartedMain] trationDelegate$BeanPostProcessorChecker : Bean 'org.apache.shiro.spring.boot.autoconfigure.ShiroAnnotationProcessorAutoConfiguration' of type [org.apache.shiro.spring.boot.autoconfigure.ShiroAnnotationProcessorAutoConfiguration$$EnhancerBySpringCGLIB$$dee40081] is not eligible for getting processed by all BeanPostProcessors (for example: not eligible for auto-proxying)
2021-05-12 22:51:13.826  INFO 7792 --- [restartedMain] trationDelegate$BeanPostProcessorChecker : Bean 'authorizationAttributeSourceAdvisor' of type [org.apache.shiro.spring.security.interceptor.AuthorizationAttributeSourceAdvisor] is not eligible for getting processed by all BeanPostProcessors (for example: not eligible for auto-proxying)
2021-05-12 22:51:13.872  INFO 7792 --- [restartedMain] trationDelegate$BeanPostProcessorChecker : Bean 'org.apache.shiro.spring.boot.autoconfigure.ShiroBeanAutoConfiguration' of type [org.apache.shiro.spring.boot.autoconfigure.ShiroBeanAutoConfiguration$$EnhancerBySpringCGLIB$$dc50c1dc] is not eligible for getting processed by all BeanPostProcessors (for example: not eligible for auto-proxying)
2021-05-12 22:51:13.878  INFO 7792 --- [restartedMain] trationDelegate$BeanPostProcessorChecker : Bean 'eventBus' of type [org.apache.shiro.event.support.DefaultEventBus] is not eligible for getting processed by all BeanPostProcessors (for example: not eligible for auto-proxying)
2021-05-12 22:51:14.388  INFO 7792 --- [restartedMain] o.s.b.w.embedded.tomcat.TomcatWebServer  : Tomcat initialized with port(s): 8081 (http)
2021-05-12 22:51:14.400  INFO 7792 --- [restartedMain] o.a.coyote.http11.Http11NioProtocol      : Initializing ProtocolHandler ["http-nio-127.0.0.1-8081"]
2021-05-12 22:51:14.401  INFO 7792 --- [restartedMain] o.apache.catalina.core.StandardService   : Starting service [Tomcat]
2021-05-12 22:51:14.402  INFO 7792 --- [restartedMain] org.apache.catalina.core.StandardEngine  : Starting Servlet engine: [Apache Tomcat/9.0.33]
2021-05-12 22:51:14.530  INFO 7792 --- [restartedMain] o.a.c.c.C.[Tomcat].[localhost].[/main]   : Initializing Spring embedded WebApplicationContext
2021-05-12 22:51:14.530  INFO 7792 --- [restartedMain] o.s.web.context.ContextLoader            : Root WebApplicationContext: initialization completed in 4841 ms
2021-05-12 22:51:14.734  INFO 7792 --- [restartedMain] o.s.c.ehcache.EhCacheManagerFactoryBean  : Initializing EhCache CacheManager
2021-05-12 22:51:14.875  INFO 7792 --- [restartedMain] o.hibernate.jpa.internal.util.LogHelper  : HHH000204: Processing PersistenceUnitInfo [name: default]
2021-05-12 22:51:15.008  INFO 7792 --- [restartedMain] org.hibernate.Version                    : HHH000412: Hibernate ORM core version 5.4.12.Final
2021-05-12 22:51:15.251  INFO 7792 --- [restartedMain] o.hibernate.annotations.common.Version   : HCANN000001: Hibernate Commons Annotations {5.1.0.Final}
2021-05-12 22:51:15.456  INFO 7792 --- [restartedMain] org.hibernate.dialect.Dialect            : HHH000400: Using dialect: org.hibernate.dialect.MySQL57Dialect
2021-05-12 22:51:16.596  INFO 7792 --- [restartedMain] o.h.e.t.j.p.i.JtaPlatformInitiator       : HHH000490: Using JtaPlatform implementation: [org.hibernate.engine.transaction.jta.platform.internal.NoJtaPlatform]
2021-05-12 22:51:16.608  INFO 7792 --- [restartedMain] j.LocalContainerEntityManagerFactoryBean : Initialized JPA EntityManagerFactory for persistence unit 'default'
2021-05-12 22:51:16.695  INFO 7792 --- [restartedMain] o.s.b.d.a.OptionalLiveReloadServer       : LiveReload server is running on port 35729
2021-05-12 22:51:17.769  INFO 7792 --- [restartedMain] o.s.s.concurrent.ThreadPoolTaskExecutor  : Initializing ExecutorService 'applicationTaskExecutor'
2021-05-12 22:51:17.900  INFO 7792 --- [restartedMain] o.s.b.a.w.s.WelcomePageHandlerMapping    : Adding welcome page template: index
2021-05-12 22:51:19.433  INFO 7792 --- [restartedMain] o.a.coyote.http11.Http11NioProtocol      : Starting ProtocolHandler ["http-nio-127.0.0.1-8081"]
2021-05-12 22:51:19.462  INFO 7792 --- [restartedMain] o.s.b.w.embedded.tomcat.TomcatWebServer  : Tomcat started on port(s): 8081 (http) with context path '/main'
2021-05-12 22:51:19.465  INFO 7792 --- [restartedMain] c.z.s.MainApplication                    : Started MainApplication in 10.736 seconds (JVM running for 14.761)
2021-05-12 22:52:29.103  INFO 7792 --- [http-nio-127.0.0.1-8081-exec-1] o.a.c.c.C.[Tomcat].[localhost].[/main]   : Initializing Spring DispatcherServlet 'dispatcherServlet'
2021-05-12 22:52:29.103  INFO 7792 --- [http-nio-127.0.0.1-8081-exec-1] o.s.web.servlet.DispatcherServlet        : Initializing Servlet 'dispatcherServlet'
2021-05-12 22:52:29.114  INFO 7792 --- [http-nio-127.0.0.1-8081-exec-1] o.s.web.servlet.DispatcherServlet        : Completed initialization in 10 ms
2021-05-12 22:52:29.140  INFO 7792 --- [http-nio-127.0.0.1-8081-exec-1] a.s.s.m.AbstractValidatingSessionManager : Enabling session validation scheduler...
2021-05-12 22:52:29.180  INFO 7792 --- [http-nio-127.0.0.1-8081-exec-1] o.a.shiro.cache.ehcache.EhCacheManager   : Using existing EHCache named [shiro-activeSessionCache]
2021-05-12 23:02:31.478  INFO 7792 --- [SessionValidationThread-1] a.s.s.m.AbstractValidatingSessionManager : Validating all active sessions...
2021-05-12 23:02:34.034  INFO 7792 --- [SessionValidationThread-1] a.s.s.m.AbstractValidatingSessionManager : Finished session validation.  No sessions were stopped.
2021-05-12 23:12:56.297  INFO 7792 --- [SessionValidationThread-1] a.s.s.m.AbstractValidatingSessionManager : Validating all active sessions...
2021-05-12 23:12:58.309  INFO 7792 --- [SessionValidationThread-1] a.s.s.m.AbstractValidatingSessionManager : Finished session validation.  No sessions were stopped.
2021-05-12 23:22:29.472  INFO 7792 --- [SessionValidationThread-1] a.s.s.m.AbstractValidatingSessionManager : Validating all active sessions...
2021-05-12 23:22:31.692  INFO 7792 --- [SessionValidationThread-1] a.s.s.m.AbstractValidatingSessionManager : Finished session validation.  No sessions were stopped.
2021-05-12 23:32:30.478  INFO 7792 --- [SessionValidationThread-1] a.s.s.m.AbstractValidatingSessionManager : Validating all active sessions...
2021-05-12 23:32:35.112  INFO 7792 --- [SessionValidationThread-1] a.s.s.m.AbstractValidatingSessionManager : Finished session validation.  No sessions were stopped.
2021-05-12 23:42:54.336  INFO 7792 --- [SessionValidationThread-1] a.s.s.m.AbstractValidatingSessionManager : Validating all active sessions...
2021-05-12 23:44:03.110  INFO 7792 --- [SessionValidationThread-1] a.s.s.m.AbstractValidatingSessionManager : Finished session validation.  [1] sessions were stopped.
2021-05-12 23:52:49.811  INFO 7792 --- [SessionValidationThread-1] a.s.s.m.AbstractValidatingSessionManager : Validating all active sessions...
2021-05-12 23:52:56.894  INFO 7792 --- [SessionValidationThread-1] a.s.s.m.AbstractValidatingSessionManager : Finished session validation.  No sessions were stopped.
